#-----------------------------------------------------------
# Vivado v2015.2 (64-bit)
# SW Build 1266856 on Fri Jun 26 16:35:25 MDT 2015
# IP Build 1264090 on Wed Jun 24 14:22:01 MDT 2015
# Start of session at: Tue Jun 05 13:29:36 2018
# Process ID: 5352
# Log file: C:/Xilinx/labs2018spring/pongDriver2018spring_template/vivado.log
# Journal file: C:/Xilinx/labs2018spring/pongDriver2018spring_template\vivado.jou
#-----------------------------------------------------------
start_gui
open_project C:/Xilinx/labs2018spring/pongDriver2018spring_template/pongNewDriver2018template.xpr
CRITICAL WARNING: [Project 1-19] Could not find the file 'C:/Xilinx/labs2018spring/pongDriver2018spring_template/pongNewDriver2018template.srcs/sim_1/imports/pongDriver2017spring_template/hsyncModule2017spring_tb.v'.
CRITICAL WARNING: [Project 1-19] Could not find the file 'C:/Xilinx/labs2018spring/pongDriver2018spring_template/pongNewDriver2018template.srcs/sim_1/imports/pongDriver2017spring_template/vsyncModule2017spring_tb.v'.
Scanning sources...
Finished scanning sources
INFO: [IP_Flow 19-234] Refreshing IP repositories
INFO: [IP_Flow 19-1704] No user IP repositories specified
INFO: [IP_Flow 19-2313] Loaded Vivado IP repository 'C:/Xilinx/Vivado/2015.2/data/ip'.
remove_files -fileset sim_1 {C:/Xilinx/labs2018spring/pongDriver2018spring_template/pongNewDriver2018template.srcs/sim_1/imports/pongDriver2017spring_template/hsyncModule2017spring_tb.v C:/Xilinx/labs2018spring/pongDriver2018spring_template/pongNewDriver2018template.srcs/sim_1/imports/pongDriver2017spring_template/vsyncModule2017spring_tb.v}
file delete -force C:/Xilinx/labs2018spring/pongDriver2018spring_template/pongNewDriver2018template.srcs/sim_1/imports/pongDriver2017spring_template/hsyncModule2017spring_tb.v C:/Xilinx/labs2018spring/pongDriver2018spring_template/pongNewDriver2018template.srcs/sim_1/imports/pongDriver2017spring_template/vsyncModule2017spring_tb.v
launch_simulation
INFO: [USF-XSim-27] Simulation object is 'sim_1'
INFO: [USF-XSim-37] Inspecting design source files for 'hsyncModule2017spring_tb' in fileset 'sim_1'...
INFO: [USF-XSim-97] Finding global include files...
INFO: [USF-XSim-98] Fetching design files from 'sim_1'...
INFO: [USF-XSim-2] XSim::Compile design
INFO: [USF-XSim-61] Executing 'COMPILE' step in 'C:/Xilinx/labs2018spring/pongDriver2018spring_template/pongNewDriver2018template.sim/sim_1/behav'
"xvlog -m64 --relax -prj hsyncModule2017spring_tb_vlog.prj"
INFO: [VRFC 10-2263] Analyzing Verilog file "C:/Xilinx/labs2018spring/pongDriver2018spring_template/ClockedNegativeOneShot.v" into library xil_defaultlib
INFO: [VRFC 10-311] analyzing module ClockedNegativeOneShot
INFO: [VRFC 10-2263] Analyzing Verilog file "C:/Xilinx/labs2018spring/pongDriver2018spring_template/UniversalCounter10bits.v" into library xil_defaultlib
INFO: [VRFC 10-311] analyzing module UniversalCounter10bits
INFO: [VRFC 10-2263] Analyzing Verilog file "C:/Xilinx/labs2018spring/pongDriver2018spring_template/hsyncModule2018spring.v" into library xil_defaultlib
INFO: [VRFC 10-311] analyzing module hsyncModule2018spring
WARNING: [VRFC 10-756] identifier EndCount is used before its declaration [C:/Xilinx/labs2018spring/pongDriver2018spring_template/hsyncModule2018spring.v:22]
INFO: [VRFC 10-2263] Analyzing Verilog file "C:/Xilinx/labs2018spring/pongDriver2018spring_template/hsyncModule2018spring_tb.v" into library xil_defaultlib
INFO: [VRFC 10-311] analyzing module hsyncModule2017spring_tb
INFO: [VRFC 10-2263] Analyzing Verilog file "C:/Xilinx/labs2018spring/pongDriver2018spring_template/pongNewDriver2018template.sim/sim_1/behav/glbl.v" into library xil_defaultlib
INFO: [VRFC 10-311] analyzing module glbl
INFO: [USF-XSim-3] XSim::Elaborate design
INFO: [USF-XSim-61] Executing 'ELABORATE' step in 'C:/Xilinx/labs2018spring/pongDriver2018spring_template/pongNewDriver2018template.sim/sim_1/behav'
Vivado Simulator 2015.2
Copyright 1986-1999, 2001-2015 Xilinx, Inc. All Rights Reserved.
Running: C:/Xilinx/Vivado/2015.2/bin/unwrapped/win64.o/xelab.exe -wto 2c2eccde2e7c4544be63a10ebadaacd0 --debug typical --relax --mt 2 -L xil_defaultlib -L unisims_ver -L unimacro_ver -L secureip --snapshot hsyncModule2017spring_tb_behav xil_defaultlib.hsyncModule2017spring_tb xil_defaultlib.glbl -log elaborate.log 
Using 2 slave threads.
Starting static elaboration
Completed static elaboration
Starting simulation data flow analysis
Completed simulation data flow analysis
Time Resolution for simulation is 1ps
Compiling module xil_defaultlib.ClockedNegativeOneShot
Compiling module xil_defaultlib.UniversalCounter10bits
Compiling module xil_defaultlib.hsyncModule2018spring
Compiling module xil_defaultlib.hsyncModule2017spring_tb
Compiling module xil_defaultlib.glbl
Waiting for 2 sub-compilation(s) to finish...
Built simulation snapshot hsyncModule2017spring_tb_behav

****** Webtalk v2015.2 (64-bit)
  **** SW Build 1266856 on Fri Jun 26 16:35:25 MDT 2015
  **** IP Build 1264090 on Wed Jun 24 14:22:01 MDT 2015
    ** Copyright 1986-2015 Xilinx, Inc. All Rights Reserved.

source C:/Xilinx/labs2018spring/pongDriver2018spring_template/pongNewDriver2018template.sim/sim_1/behav/xsim.dir/hsyncModule2017spring_tb_behav/webtalk/xsim_webtalk.tcl -notrace
INFO: [Common 17-186] 'C:/Xilinx/labs2018spring/pongDriver2018spring_template/pongNewDriver2018template.sim/sim_1/behav/xsim.dir/hsyncModule2017spring_tb_behav/webtalk/usage_statistics_ext_xsim.xml' has been successfully sent to Xilinx on Tue Jun 05 13:30:36 2018. For additional details about this file, please refer to the WebTalk help file at C:/Xilinx/Vivado/2015.2/doc/webtalk_introduction.html.
INFO: [Common 17-206] Exiting Webtalk at Tue Jun 05 13:30:36 2018...
INFO: [USF-XSim-4] XSim::Simulate design
INFO: [USF-XSim-61] Executing 'SIMULATE' step in 'C:/Xilinx/labs2018spring/pongDriver2018spring_template/pongNewDriver2018template.sim/sim_1/behav'
INFO: [USF-XSim-98] *** Running xsim
   with args "hsyncModule2017spring_tb_behav -key {Behavioral:sim_1:Functional:hsyncModule2017spring_tb} -tclbatch {hsyncModule2017spring_tb.tcl} -log {simulate.log}"
INFO: [USF-XSim-8] Loading simulator feature
Vivado Simulator 2015.2
Time resolution is 1 ps
source hsyncModule2017spring_tb.tcl
# set curr_wave [current_wave_config]
# if { [string length $curr_wave] == 0 } {
#   if { [llength [get_objects]] > 0} {
#     add_wave /
#     set_property needs_save false [current_wave_config]
#   } else {
#      send_msg_id Add_Wave-1 WARNING "No top level signals found. Simulator will start without a wave window. If you want to open a wave window go to 'File->New Waveform Configuration' or type 'create_wave_config' in the TCL console."
#   }
# }
# run 1000ns
INFO: [USF-XSim-96] XSim completed. Design snapshot 'hsyncModule2017spring_tb_behav' loaded.
INFO: [USF-XSim-97] XSim simulation ran for 1000ns
launch_simulation: Time (s): cpu = 00:00:05 ; elapsed = 00:00:08 . Memory (MB): peak = 740.020 ; gain = 4.090
remove_files C:/Xilinx/labs2018spring/pongDriver2018spring_template/PongDriver2018spring.v
update_compile_order -fileset sources_1
update_compile_order -fileset sources_1
remove_files C:/Xilinx/labs2018spring/pongDriver2018spring_template/CRTcontroller2018spring.v
update_compile_order -fileset sources_1
update_compile_order -fileset sources_1
update_compile_order -fileset sources_1
remove_files C:/Xilinx/labs2018spring/pongDriver2018spring_template/CRTClock2018spring_template.v
remove_files C:/Xilinx/labs2018spring/pongDriver2018spring_template/GameZybo.v
close_sim
INFO: [Simtcl 6-16] Simulation closed
close_sim: Time (s): cpu = 00:00:02 ; elapsed = 00:00:06 . Memory (MB): peak = 776.559 ; gain = 0.000
exit
INFO: [Common 17-206] Exiting Vivado at Tue Jun 05 13:36:33 2018...
