#-----------------------------------------------------------
# Vivado v2015.2 (64-bit)
# SW Build 1266856 on Fri Jun 26 16:35:25 MDT 2015
# IP Build 1264090 on Wed Jun 24 14:22:01 MDT 2015
# Start of session at: Tue Jun 05 13:25:51 2018
# Process ID: 10580
# Log file: C:/Xilinx/labs2018spring/pongDriver2018spring_template/vivado.log
# Journal file: C:/Xilinx/labs2018spring/pongDriver2018spring_template\vivado.jou
#-----------------------------------------------------------
start_gui
open_project C:/Xilinx/labs2018spring/pongDriver2018spring_template/pongNewDriver2018template.xpr
CRITICAL WARNING: [Project 1-19] Could not find the file 'C:/Xilinx/labs2018spring/pongDriver2018spring_template/pongNewDriver2018template.srcs/sources_1/imports/pongDriver2017spring_template/UniversalCounter10bits.v'.
CRITICAL WARNING: [Project 1-19] Could not find the file 'C:/Xilinx/labs2018spring/pongDriver2018spring_template/pongNewDriver2018template.srcs/sources_1/imports/pongDriver2017spring_template/ClockedNegativeOneShot.v'.
CRITICAL WARNING: [Project 1-19] Could not find the file 'C:/Xilinx/labs2018spring/pongDriver2018spring_template/pongNewDriver2018template.srcs/sources_1/imports/pongDriver2017spring_template/CRTClock2017spring_template.v'.
CRITICAL WARNING: [Project 1-19] Could not find the file 'C:/Xilinx/labs2018spring/pongDriver2018spring_template/pongNewDriver2018template.srcs/sources_1/imports/pongDriver2017spring_template/vsyncModule2017spring_template.v'.
CRITICAL WARNING: [Project 1-19] Could not find the file 'C:/Xilinx/labs2018spring/pongDriver2018spring_template/pongNewDriver2018template.srcs/sources_1/imports/pongDriver2017spring_template/hsyncModule2017spring.v'.
CRITICAL WARNING: [Project 1-19] Could not find the file 'C:/Xilinx/labs2018spring/pongDriver2018spring_template/pongNewDriver2018template.srcs/sources_1/imports/pongDriver2017spring_template/CRTcontroller2017spring.v'.
CRITICAL WARNING: [Project 1-19] Could not find the file 'C:/Xilinx/labs2018spring/pongDriver2018spring_template/pongNewDriver2018template.srcs/sources_1/imports/pongDriver2017spring_template/GameZybo.v'.
CRITICAL WARNING: [Project 1-19] Could not find the file 'C:/Xilinx/labs2018spring/pongDriver2018spring_template/pongNewDriver2018template.srcs/sources_1/imports/pongDriver2017spring_template/PongDriver2017spring.v'.
CRITICAL WARNING: [Project 1-19] Could not find the file 'C:/Xilinx/labs2018spring/pongDriver2018spring_template/pongNewDriver2018template.srcs/sim_1/imports/pongDriver2017spring_template/hsyncModule2017spring_tb.v'.
CRITICAL WARNING: [Project 1-19] Could not find the file 'C:/Xilinx/labs2018spring/pongDriver2018spring_template/pongNewDriver2018template.srcs/sim_1/imports/pongDriver2017spring_template/vsyncModule2017spring_tb.v'.
Scanning sources...
Finished scanning sources
INFO: [IP_Flow 19-234] Refreshing IP repositories
INFO: [IP_Flow 19-1704] No user IP repositories specified
INFO: [IP_Flow 19-2313] Loaded Vivado IP repository 'C:/Xilinx/Vivado/2015.2/data/ip'.
exit
INFO: [Common 17-206] Exiting Vivado at Tue Jun 05 13:27:22 2018...
